2024-04-24 03:42:40,645 - root - INFO - User Name: srinivas
2024-04-24 03:42:40,645 - root - INFO - User srinivas logged in successfully
2024-04-24 03:42:45,078 - root - INFO - Navigation: User Analysis
2024-04-24 03:42:54,094 - root - INFO - Navigation: Hashtag Analysis
2024-04-24 03:52:54,531 - root - INFO - User Name: srinivas
2024-04-24 03:52:54,531 - root - INFO - User srinivas logged in successfully
2024-04-24 03:52:58,973 - root - INFO - Navigation: User Analysis
2024-04-24 03:53:06,708 - root - INFO - Navigation: Hashtag Analysis
2024-04-24 03:53:18,503 - root - INFO - Navigation: Hashtag Analysis
2024-04-24 03:53:26,022 - root - INFO - Navigation: Hashtag Analysis
2024-04-24 03:59:41,905 - root - INFO - User Name: srinivas
2024-04-24 03:59:41,907 - root - INFO - User srinivas logged in successfully
2024-04-24 03:59:46,348 - root - INFO - Navigation: User Analysis
2024-04-24 04:00:05,195 - root - INFO - Navigation: User Analysis
2024-04-24 04:00:12,731 - root - INFO - Navigation: Hashtag Analysis
2024-04-24 04:39:29,452 - root - INFO - User Name: srinivas
2024-04-24 04:39:29,452 - root - INFO - User srinivas logged in successfully
2024-04-24 04:39:33,904 - root - INFO - Navigation: User Analysis
2024-04-24 04:40:25,890 - root - INFO - User Name: srinivas
2024-04-24 04:40:25,890 - root - INFO - User srinivas logged in successfully
2024-04-24 04:40:30,350 - root - INFO - Navigation: User Analysis
2024-04-24 04:45:18,989 - root - INFO - Navigation: Hashtag Analysis
2024-04-24 04:45:19,311 - root - INFO - Date Range Selected: 2020-04-12 to 2020-04-25
2024-04-24 04:45:51,919 - root - INFO - Navigation: Hashtag Analysis
2024-04-24 04:45:52,159 - root - INFO - Date Range Selected: 2020-04-12 to 2020-04-20
2024-04-24 04:46:00,275 - root - INFO - Navigation: User Analysis
2024-04-24 04:47:37,620 - root - INFO - User Name: srinivas
2024-04-24 04:47:37,620 - root - INFO - User srinivas logged in successfully
2024-04-24 04:47:42,066 - root - INFO - Navigation: User Analysis
2024-04-24 04:50:06,309 - root - INFO - User Name: srinivas
2024-04-24 04:50:06,309 - root - INFO - User srinivas logged in successfully
2024-04-24 04:50:10,748 - root - INFO - Navigation: User Analysis
2024-04-24 04:50:11,052 - root - INFO - Date Range Selected: 2009-09-30 to 2016-04-01
2024-04-24 04:50:23,989 - root - INFO - Navigation: Hashtag Analysis
2024-04-24 04:50:24,253 - root - INFO - Date Range Selected: 2020-04-12 to 2020-04-25
2024-04-24 05:09:53,212 - root - INFO - User Name: srinivas
2024-04-24 05:09:53,212 - root - INFO - User srinivas logged in successfully
2024-04-24 05:09:57,680 - root - INFO - Navigation: User Analysis
2024-04-24 05:09:58,029 - root - INFO - Date Range Selected: 2009-09-30 to 2016-04-01
2024-04-24 05:10:22,390 - root - INFO - Navigation: User Analysis
2024-04-24 05:10:22,679 - root - INFO - Date Range Selected: 2009-09-30 to 2015-10-21
2024-04-24 05:13:35,035 - root - INFO - User Name: srinivas
2024-04-24 05:13:35,035 - root - INFO - User srinivas logged in successfully
2024-04-24 05:13:39,483 - root - INFO - Navigation: User Analysis
2024-04-24 05:13:39,789 - root - INFO - Date Range Selected: 2009-09-30 to 2016-04-01
2024-04-24 05:14:29,039 - root - INFO - User Name: srinivas
2024-04-24 05:14:29,039 - root - INFO - User srinivas logged in successfully
2024-04-24 05:14:33,465 - root - INFO - Navigation: User Analysis
2024-04-24 05:14:33,748 - root - INFO - Date Range Selected: 2009-09-30 to 2016-04-01
2024-04-24 05:16:13,468 - root - INFO - User Name: srinivas
2024-04-24 05:16:13,468 - root - INFO - User srinivas logged in successfully
2024-04-24 05:16:17,920 - root - INFO - Navigation: User Analysis
2024-04-24 05:16:18,210 - root - INFO - Date Range Selected: 2009-09-30 to 2016-04-01
2024-04-24 05:17:09,485 - root - INFO - Navigation: Hashtag Analysis
2024-04-24 05:17:09,822 - root - INFO - Date Range Selected: 2020-04-12 to 2020-04-25
2024-04-24 05:19:55,932 - root - INFO - Navigation: User Analysis
2024-04-24 05:19:56,248 - root - INFO - Date Range Selected: 2009-09-30 to 2016-04-01
2024-04-24 05:24:56,975 - root - INFO - User Name: srinivas
2024-04-24 05:24:56,984 - root - INFO - User srinivas logged in successfully
2024-04-24 05:25:01,429 - root - INFO - Navigation: User Analysis
2024-04-24 05:25:01,742 - root - INFO - Date Range Selected: 2009-09-30 to 2016-04-01
2024-04-24 05:26:45,685 - root - INFO - User Name: srinivas
2024-04-24 05:26:45,685 - root - INFO - User srinivas logged in successfully
2024-04-24 05:26:50,184 - root - INFO - Navigation: User Analysis
2024-04-24 05:26:50,458 - root - INFO - Date Range Selected: 2009-09-30 to 2016-04-01
2024-04-24 05:31:05,429 - root - INFO - User Name: srinivas
2024-04-24 05:31:05,429 - root - INFO - User srinivas logged in successfully
2024-04-24 05:31:09,887 - root - INFO - Navigation: User Analysis
2024-04-24 05:31:10,191 - root - INFO - Date Range Selected: 2009-09-30 to 2016-04-01
2024-04-24 05:31:56,554 - root - INFO - User Name: srinivas
2024-04-24 05:31:56,554 - root - INFO - User srinivas logged in successfully
2024-04-24 05:32:00,990 - root - INFO - Navigation: User Analysis
2024-04-24 05:32:01,296 - root - INFO - Date Range Selected: 2009-09-30 to 2016-04-01
2024-04-24 05:36:08,428 - root - INFO - Navigation: User Analysis
2024-04-24 05:36:08,696 - root - INFO - Date Range Selected: 2015-06-22 to 2016-04-01
2024-04-24 05:36:17,951 - root - INFO - Navigation: User Analysis
2024-04-24 05:36:18,264 - root - INFO - Date Range Selected: 2016-01-20 to 2016-04-01
2024-04-24 05:36:41,968 - root - INFO - Navigation: User Analysis
2024-04-24 05:36:42,249 - root - INFO - Date Range Selected: 2016-04-01 to 2016-04-01
2024-04-24 05:36:50,918 - root - INFO - Navigation: User Analysis
2024-04-24 05:36:51,221 - root - INFO - Date Range Selected: 2009-09-30 to 2016-04-01
2024-04-24 05:41:57,454 - root - INFO - User Name: srinivas
2024-04-24 05:41:57,462 - root - INFO - User srinivas logged in successfully
2024-04-24 05:42:01,916 - root - INFO - Navigation: User Analysis
2024-04-24 05:44:19,271 - root - INFO - User Name: srinivas
2024-04-24 05:44:19,271 - root - INFO - User srinivas logged in successfully
2024-04-24 05:44:23,728 - root - INFO - Navigation: User Analysis
2024-04-24 05:44:24,018 - root - INFO - Date Range Selected: 2016-04-01 to 2009-09-30
2024-04-24 05:44:42,294 - root - INFO - Navigation: User Analysis
2024-04-24 05:44:42,553 - root - INFO - Date Range Selected: 2016-04-01 to 2009-09-30
2024-04-24 05:53:02,596 - root - INFO - User Name: srinivas
2024-04-24 05:53:02,597 - root - INFO - User srinivas logged in successfully
2024-04-24 05:53:07,046 - root - INFO - Navigation: User Analysis
2024-04-24 05:53:07,325 - root - INFO - Date Range Selected: 2016-04-01 to 2009-09-30
2024-04-24 05:53:28,501 - root - INFO - Navigation: Hashtag Analysis
2024-04-24 05:53:28,807 - root - INFO - Date Range Selected: 2020-04-25 to 2020-04-12
2024-04-24 05:53:35,871 - root - INFO - Navigation: Location Analysis
2024-04-24 05:53:36,151 - root - INFO - Date Range Selected: 2020-04-25 to 2020-04-12
2024-04-24 05:54:06,964 - root - INFO - Navigation: Tweet ID Analysis
2024-04-24 05:54:07,342 - root - INFO - Date Range Selected: 2020-04-25 to 2020-04-12
2024-04-24 05:54:12,417 - root - INFO - Navigation: User Analysis
2024-04-24 05:54:12,717 - root - INFO - Date Range Selected: 2016-04-01 to 2009-09-30
2024-04-24 07:30:20,803 - root - INFO - User Name: srinivas
2024-04-24 07:30:20,803 - root - INFO - User srinivas logged in successfully
2024-04-24 07:30:25,167 - root - INFO - Navigation: User Analysis
2024-04-24 07:30:25,617 - root - INFO - Date Range Selected: 2016-04-01 to 2009-09-30
2024-04-24 07:31:23,069 - root - INFO - User Name: srinivas
2024-04-24 07:31:23,070 - root - INFO - User srinivas logged in successfully
2024-04-24 07:31:27,434 - root - INFO - Navigation: User Analysis
2024-04-24 07:31:27,715 - root - INFO - Date Range Selected: 2016-04-01 to 2009-09-30
2024-04-24 07:32:21,735 - root - INFO - User Name: srinivas
2024-04-24 07:32:21,735 - root - INFO - User srinivas logged in successfully
2024-04-24 07:32:26,095 - root - INFO - Navigation: User Analysis
2024-04-24 07:32:26,380 - root - INFO - Date Range Selected: 2016-04-01 to 2009-09-30
2024-04-24 07:32:38,032 - root - INFO - Navigation: User Analysis
2024-04-24 07:32:38,287 - root - INFO - Date Range Selected: 2016-04-01 to 2009-09-30
2024-04-24 07:32:59,020 - root - INFO - Navigation: User Analysis
2024-04-24 07:32:59,314 - root - INFO - Date Range Selected: 2016-04-01 to 2009-09-30
2024-04-24 07:35:03,287 - root - INFO - Navigation: User Analysis
2024-04-24 07:35:03,559 - root - INFO - Date Range Selected: 2016-04-01 to 2009-09-30
2024-04-24 07:46:59,507 - root - INFO - User Name: srinivas
2024-04-24 07:46:59,507 - root - INFO - User srinivas logged in successfully
2024-04-24 07:47:03,871 - root - INFO - Navigation: User Analysis
2024-04-24 07:47:04,167 - root - INFO - Date Range Selected: 2016-04-01 to 2009-09-30
2024-04-24 07:47:32,435 - root - INFO - Navigation: User Analysis
2024-04-24 07:47:32,722 - root - INFO - Date Range Selected: 2016-04-01 to 2009-09-30
2024-04-24 07:47:57,608 - root - INFO - Navigation: User Analysis
2024-04-24 07:47:57,892 - root - INFO - Date Range Selected: 2016-04-01 to 2009-09-30
2024-04-24 07:48:18,472 - root - INFO - Navigation: User Analysis
2024-04-24 07:48:18,748 - root - INFO - Date Range Selected: 2016-04-01 to 2009-09-30
2024-04-24 08:22:02,386 - root - INFO - Navigation: User Analysis
2024-04-24 08:22:02,738 - root - INFO - Date Range Selected: 2016-04-01 to 2009-09-30
2024-04-24 08:23:16,578 - root - INFO - Navigation: User Analysis
2024-04-24 08:23:16,833 - root - INFO - Date Range Selected: 2016-04-01 to 2009-09-30
2024-04-24 09:00:32,126 - root - INFO - Navigation: User Analysis
2024-04-24 09:00:32,407 - root - INFO - Date Range Selected: 2016-04-01 to 2009-09-30
2024-04-24 09:01:08,936 - root - INFO - Navigation: User Analysis
2024-04-24 09:01:09,261 - root - INFO - Date Range Selected: 2016-04-01 to 2009-09-30
2024-04-24 09:01:50,998 - root - INFO - Navigation: User Analysis
2024-04-24 09:01:51,263 - root - INFO - Date Range Selected: 2016-04-01 to 2009-09-30
2024-04-24 09:22:19,823 - root - INFO - Navigation: User Analysis
2024-04-24 09:22:20,128 - root - INFO - Date Range Selected: 2016-04-01 to 2009-09-30
2024-04-24 09:26:09,116 - root - INFO - User Name: srinivas
2024-04-24 09:26:09,116 - root - INFO - User srinivas logged in successfully
2024-04-24 09:26:13,498 - root - INFO - Navigation: User Analysis
2024-04-24 09:26:13,774 - root - INFO - Date Range Selected: 2016-04-01 to 2009-09-30
2024-04-24 09:27:10,887 - root - INFO - Navigation: User Analysis
2024-04-24 09:27:11,190 - root - INFO - Date Range Selected: 2016-04-01 to 2009-09-30
2024-04-24 09:32:08,854 - root - INFO - Navigation: User Analysis
2024-04-24 09:32:09,141 - root - INFO - Date Range Selected: 2016-04-01 to 2009-09-30
2024-04-24 09:32:56,378 - root - INFO - Navigation: User Analysis
2024-04-24 09:32:56,636 - root - INFO - Date Range Selected: 2016-04-01 to 2009-09-30
2024-04-24 09:33:34,668 - root - INFO - Navigation: User Analysis
2024-04-24 09:33:34,928 - root - INFO - Date Range Selected: 2016-04-01 to 2009-09-30
2024-04-24 09:34:07,238 - root - INFO - Navigation: User Analysis
2024-04-24 09:34:07,525 - root - INFO - Date Range Selected: 2016-04-01 to 2009-09-30
2024-04-24 09:35:06,035 - root - INFO - Navigation: User Analysis
2024-04-24 09:35:06,332 - root - INFO - Date Range Selected: 2016-04-01 to 2009-09-30
2024-04-24 09:36:00,603 - root - INFO - Navigation: User Analysis
2024-04-24 09:36:00,885 - root - INFO - Date Range Selected: 2016-04-01 to 2009-09-30
2024-04-24 09:37:18,363 - root - INFO - Navigation: User Analysis
2024-04-24 09:37:18,628 - root - INFO - Date Range Selected: 2016-04-01 to 2009-09-30
2024-04-24 09:39:01,818 - root - INFO - Navigation: User Analysis
2024-04-24 09:39:02,093 - root - INFO - Date Range Selected: 2016-04-01 to 2009-09-30
2024-04-24 09:39:21,299 - root - INFO - Navigation: User Analysis
2024-04-24 09:39:21,556 - root - INFO - Date Range Selected: 2016-04-01 to 2009-09-30
2024-04-24 09:43:27,591 - root - INFO - Navigation: User Analysis
2024-04-24 09:43:27,871 - root - INFO - Date Range Selected: 2016-04-01 to 2009-09-30
2024-04-24 09:44:27,005 - root - INFO - Navigation: User Analysis
2024-04-24 09:44:27,287 - root - INFO - Date Range Selected: 2016-04-01 to 2009-09-30
2024-04-24 09:45:03,911 - root - INFO - Navigation: User Analysis
2024-04-24 09:45:04,192 - root - INFO - Date Range Selected: 2016-04-01 to 2009-09-30
2024-04-24 09:45:34,040 - root - INFO - Navigation: User Analysis
2024-04-24 09:45:34,303 - root - INFO - Date Range Selected: 2016-04-01 to 2009-09-30
2024-04-24 09:45:58,272 - root - INFO - Navigation: User Analysis
2024-04-24 09:45:58,543 - root - INFO - Date Range Selected: 2016-04-01 to 2009-09-30
2024-04-24 09:56:06,709 - root - INFO - Navigation: User Analysis
2024-04-24 09:56:06,965 - root - INFO - Date Range Selected: 2016-04-01 to 2009-09-30
2024-04-24 10:25:39,533 - root - INFO - Navigation: User Analysis
2024-04-24 10:25:39,831 - root - INFO - Date Range Selected: 2016-04-01 to 2009-09-30
2024-04-24 10:27:09,178 - root - INFO - Navigation: User Analysis
2024-04-24 10:27:09,486 - root - INFO - Date Range Selected: 2016-04-01 to 2009-09-30
2024-04-24 10:27:59,711 - root - INFO - Navigation: User Analysis
2024-04-24 10:27:59,989 - root - INFO - Date Range Selected: 2016-04-01 to 2009-09-30
2024-04-24 10:29:17,391 - root - INFO - Navigation: User Analysis
2024-04-24 10:29:17,657 - root - INFO - Date Range Selected: 2016-04-01 to 2009-09-30
2024-04-24 10:30:23,870 - root - INFO - Navigation: User Analysis
2024-04-24 10:30:24,143 - root - INFO - Date Range Selected: 2016-04-01 to 2009-09-30
2024-04-24 10:31:09,459 - root - INFO - Navigation: User Analysis
2024-04-24 10:31:09,732 - root - INFO - Date Range Selected: 2016-04-01 to 2009-09-30
2024-04-24 10:31:54,806 - root - INFO - Navigation: User Analysis
2024-04-24 10:31:55,079 - root - INFO - Date Range Selected: 2016-04-01 to 2009-09-30
2024-04-24 11:01:59,061 - root - INFO - Navigation: User Analysis
2024-04-24 11:01:59,404 - root - INFO - Date Range Selected: 2016-04-01 to 2009-09-30
2024-04-24 11:14:46,057 - root - INFO - Navigation: User Analysis
2024-04-24 11:14:46,347 - root - INFO - Date Range Selected: 2016-04-01 to 2009-09-30
2024-04-24 11:15:11,436 - root - INFO - Navigation: User Analysis
2024-04-24 11:15:11,701 - root - INFO - Date Range Selected: 2016-04-01 to 2009-09-30
2024-04-24 11:19:23,283 - root - INFO - Navigation: User Analysis
2024-04-24 11:19:23,581 - root - INFO - Date Range Selected: 2016-04-01 to 2009-09-30
2024-04-24 11:20:14,420 - root - INFO - Navigation: User Analysis
2024-04-24 11:20:14,676 - root - INFO - Date Range Selected: 2016-04-01 to 2009-09-30
2024-04-24 11:46:07,457 - root - INFO - User Name: srinivas
2024-04-24 11:46:07,457 - root - INFO - User srinivas logged in successfully
2024-04-24 11:46:11,852 - root - INFO - Navigation: User Analysis
2024-04-24 11:46:12,148 - root - INFO - Date Range Selected: 2016-04-01 to 2009-09-30
2024-04-24 11:50:45,654 - root - INFO - Navigation: User Analysis
2024-04-24 11:50:45,928 - root - INFO - Date Range Selected: 2016-04-01 to 2009-09-30
2024-04-24 11:58:08,418 - root - INFO - Navigation: User Analysis
2024-04-24 11:58:08,663 - root - INFO - Date Range Selected: 2016-04-01 to 2009-09-30
2024-04-24 12:04:07,596 - root - INFO - Navigation: User Analysis
2024-04-24 12:04:07,909 - root - INFO - Date Range Selected: 2016-04-01 to 2009-09-30
2024-04-24 12:05:53,877 - root - INFO - Navigation: User Analysis
2024-04-24 12:05:54,159 - root - INFO - Date Range Selected: 2016-04-01 to 2009-09-30
2024-04-24 12:13:39,210 - root - INFO - Navigation: User Analysis
2024-04-24 12:13:39,471 - root - INFO - Date Range Selected: 2016-04-01 to 2009-09-30
2024-04-24 12:15:36,801 - root - INFO - Navigation: User Analysis
2024-04-24 12:15:37,056 - root - INFO - Date Range Selected: 2016-04-01 to 2009-09-30
2024-04-24 12:25:20,007 - root - INFO - Navigation: User Analysis
2024-04-24 12:25:20,295 - root - INFO - Date Range Selected: 2016-04-01 to 2009-09-30
2024-04-24 12:57:49,270 - root - INFO - Navigation: User Analysis
2024-04-24 12:57:49,589 - root - INFO - Date Range Selected: 2016-04-01 to 2009-09-30
2024-04-24 13:39:59,796 - root - INFO - User Name: srinivas
2024-04-24 13:39:59,796 - root - INFO - User srinivas logged in successfully
2024-04-24 13:40:04,253 - root - INFO - Navigation: User Analysis
2024-04-24 13:40:04,557 - root - INFO - Date Range Selected: 2016-04-01 to 2009-09-30
2024-04-24 13:52:59,337 - root - INFO - Navigation: User Analysis
2024-04-24 13:52:59,601 - root - INFO - Date Range Selected: 2016-04-01 to 2009-09-30
2024-04-24 13:53:36,527 - root - INFO - Navigation: User Analysis
2024-04-24 13:53:36,783 - root - INFO - Date Range Selected: 2016-04-01 to 2009-09-30
2024-04-24 13:56:05,117 - root - INFO - Navigation: User Analysis
2024-04-24 13:56:05,373 - root - INFO - Date Range Selected: 2016-04-01 to 2009-09-30
2024-04-24 13:56:53,703 - root - INFO - Navigation: User Analysis
2024-04-24 13:56:53,994 - root - INFO - Date Range Selected: 2016-04-01 to 2009-09-30
2024-04-24 15:08:03,910 - root - INFO - User Name: srinivas
2024-04-24 15:08:03,910 - root - INFO - User srinivas logged in successfully
2024-04-24 15:08:08,352 - root - INFO - Navigation: User Analysis
2024-04-24 15:08:08,753 - root - INFO - Date Range Selected: 2016-04-01 to 2009-09-30
2024-04-24 15:08:57,652 - root - INFO - Navigation: Hashtag Analysis
2024-04-24 15:08:58,086 - root - INFO - Date Range Selected: 2020-04-25 to 2020-04-12
2024-04-24 15:09:09,836 - root - INFO - Navigation: User Analysis
2024-04-24 15:09:10,158 - root - INFO - Date Range Selected: 2016-04-01 to 2009-09-30
2024-04-24 15:13:01,888 - root - INFO - Navigation: User Analysis
2024-04-24 15:13:02,150 - root - INFO - Date Range Selected: 2016-04-01 to 2009-09-30
2024-04-24 15:14:54,956 - root - INFO - Navigation: User Analysis
2024-04-24 15:14:55,249 - root - INFO - Date Range Selected: 2016-04-01 to 2009-09-30
2024-04-24 15:15:55,322 - root - INFO - User Name: srinivas
2024-04-24 15:15:55,322 - root - INFO - User srinivas logged in successfully
2024-04-24 15:15:59,820 - root - INFO - Navigation: User Analysis
2024-04-24 15:16:00,094 - root - INFO - Date Range Selected: 2016-04-01 to 2009-09-30
2024-04-24 15:21:54,450 - root - INFO - User Name: srinivas
2024-04-24 15:21:54,450 - root - INFO - User srinivas logged in successfully
2024-04-24 15:21:58,937 - root - INFO - Navigation: User Analysis
2024-04-24 15:21:59,278 - root - INFO - Date Range Selected: 2016-04-01 to 2009-09-30
2024-04-24 15:59:24,224 - root - INFO - User Name: srinivas
2024-04-24 15:59:24,232 - root - INFO - User srinivas logged in successfully
2024-04-24 15:59:28,667 - root - INFO - Navigation: User Analysis
2024-04-24 15:59:28,947 - root - INFO - Date Range Selected: 2016-04-01 to 2009-09-30
2024-04-24 16:00:33,643 - root - INFO - Navigation: User Analysis
2024-04-24 16:00:33,918 - root - INFO - Date Range Selected: 2016-04-01 to 2009-09-30
2024-04-24 16:29:16,278 - root - INFO - Navigation: User Analysis
2024-04-24 16:29:16,577 - root - INFO - Date Range Selected: 2016-04-01 to 2009-09-30
2024-04-24 16:29:54,452 - root - INFO - Navigation: User Analysis
2024-04-24 16:29:54,725 - root - INFO - Date Range Selected: 2016-04-01 to 2009-09-30
2024-04-24 16:30:33,796 - root - INFO - Navigation: User Analysis
2024-04-24 16:30:34,075 - root - INFO - Date Range Selected: 2016-04-01 to 2009-09-30
2024-04-24 16:32:48,926 - root - INFO - Navigation: User Analysis
2024-04-24 16:32:49,184 - root - INFO - Date Range Selected: 2016-04-01 to 2009-09-30
2024-04-24 16:33:45,537 - root - INFO - Navigation: User Analysis
2024-04-24 16:33:45,824 - root - INFO - Date Range Selected: 2016-04-01 to 2009-09-30
2024-04-25 03:29:09,645 - root - INFO - User Name: srinivas
2024-04-25 03:29:09,645 - root - INFO - User srinivas logged in successfully
2024-04-25 03:29:14,020 - root - INFO - Navigation: User Analysis
2024-04-25 03:29:14,524 - root - INFO - Date Range Selected: 2016-04-01 to 2009-09-30
2024-04-25 03:30:53,572 - root - INFO - Navigation: Hashtag Analysis
2024-04-25 03:30:53,917 - root - INFO - Date Range Selected: 2020-04-25 to 2020-04-12
2024-04-25 03:31:00,621 - root - INFO - Navigation: User Analysis
2024-04-25 03:31:00,893 - root - INFO - Date Range Selected: 2016-04-01 to 2009-09-30
2024-04-25 04:01:06,310 - root - INFO - User Name: srinivas
2024-04-25 04:01:06,310 - root - INFO - User srinivas logged in successfully
2024-04-25 04:01:10,697 - root - INFO - Navigation: User Analysis
2024-04-25 04:01:10,971 - root - INFO - Date Range Selected: 2016-04-01 to 2009-09-30
2024-04-25 04:02:13,510 - root - INFO - Navigation: User Analysis
2024-04-25 04:02:13,785 - root - INFO - Date Range Selected: 2016-04-01 to 2009-09-30
2024-04-25 04:02:51,158 - root - INFO - Navigation: User Analysis
2024-04-25 04:02:51,458 - root - INFO - Date Range Selected: 2016-04-01 to 2009-09-30
2024-04-25 04:04:06,433 - root - INFO - Navigation: User Analysis
2024-04-25 04:04:06,701 - root - INFO - Date Range Selected: 2016-04-01 to 2009-09-30
2024-04-25 04:04:58,167 - root - INFO - Navigation: User Analysis
2024-04-25 04:04:58,470 - root - INFO - Date Range Selected: 2016-04-01 to 2009-09-30
2024-04-25 04:06:32,524 - root - INFO - Navigation: User Analysis
2024-04-25 04:06:32,800 - root - INFO - Date Range Selected: 2016-04-01 to 2009-09-30
2024-04-25 04:07:11,971 - root - INFO - Navigation: User Analysis
2024-04-25 04:07:12,217 - root - INFO - Date Range Selected: 2016-04-01 to 2009-09-30
2024-04-25 04:09:14,685 - root - INFO - Navigation: Hashtag Analysis
2024-04-25 04:09:15,028 - root - INFO - Date Range Selected: 2020-04-25 to 2020-04-12
2024-04-25 04:34:59,175 - root - INFO - Navigation: Hashtag Analysis
2024-04-25 04:34:59,515 - root - INFO - Date Range Selected: 2020-04-25 to 2020-04-12
2024-04-25 04:35:58,402 - root - INFO - Navigation: Hashtag Analysis
2024-04-25 04:35:58,666 - root - INFO - Date Range Selected: 2020-04-25 to 2020-04-12
2024-04-25 04:38:30,950 - root - INFO - Navigation: Hashtag Analysis
2024-04-25 04:38:31,252 - root - INFO - Date Range Selected: 2020-04-25 to 2020-04-12
2024-04-25 04:38:53,620 - root - INFO - Navigation: Hashtag Analysis
2024-04-25 04:38:53,886 - root - INFO - Date Range Selected: 2020-04-25 to 2020-04-12
2024-04-25 04:48:54,468 - root - INFO - Navigation: Hashtag Analysis
2024-04-25 04:48:54,789 - root - INFO - Date Range Selected: 2020-04-25 to 2020-04-12
2024-04-25 04:49:17,788 - root - INFO - Navigation: Hashtag Analysis
2024-04-25 04:49:18,080 - root - INFO - Date Range Selected: 2020-04-25 to 2020-04-12
2024-04-25 04:49:42,475 - root - INFO - Navigation: Hashtag Analysis
2024-04-25 04:49:42,721 - root - INFO - Date Range Selected: 2020-04-25 to 2020-04-12
2024-04-25 04:49:54,259 - root - INFO - Navigation: Hashtag Analysis
2024-04-25 04:49:54,522 - root - INFO - Date Range Selected: 2020-04-25 to 2020-04-12
2024-04-25 04:59:08,090 - root - INFO - Navigation: Hashtag Analysis
2024-04-25 04:59:08,446 - root - INFO - Date Range Selected: 2020-04-25 to 2020-04-12
2024-04-25 05:03:23,279 - root - INFO - Navigation: Hashtag Analysis
2024-04-25 05:03:23,614 - root - INFO - Date Range Selected: 2020-04-25 to 2020-04-12
2024-04-25 05:05:55,137 - root - INFO - Navigation: Hashtag Analysis
2024-04-25 05:05:55,485 - root - INFO - Date Range Selected: 2020-04-25 to 2020-04-12
2024-04-25 05:06:51,123 - root - INFO - Navigation: Hashtag Analysis
2024-04-25 05:06:51,358 - root - INFO - Date Range Selected: 2020-04-25 to 2020-04-12
2024-04-25 05:07:26,551 - root - INFO - Navigation: Hashtag Analysis
2024-04-25 05:07:26,837 - root - INFO - Date Range Selected: 2020-04-25 to 2020-04-12
2024-04-25 05:09:46,729 - root - INFO - Navigation: Hashtag Analysis
2024-04-25 05:09:47,349 - root - INFO - Date Range Selected: 2020-04-25 to 2020-04-12
2024-04-25 05:10:21,143 - root - INFO - Navigation: Hashtag Analysis
2024-04-25 05:10:21,720 - root - INFO - Date Range Selected: 2020-04-25 to 2020-04-12
2024-04-25 05:11:05,412 - root - INFO - Navigation: Hashtag Analysis
2024-04-25 05:11:05,787 - root - INFO - Date Range Selected: 2020-04-25 to 2020-04-12
2024-04-25 05:36:43,170 - root - INFO - Navigation: Hashtag Analysis
2024-04-25 05:36:43,555 - root - INFO - Date Range Selected: 2020-04-25 to 2020-04-12
2024-04-25 05:40:51,377 - root - INFO - Navigation: Hashtag Analysis
2024-04-25 05:40:51,749 - root - INFO - Date Range Selected: 2020-04-25 to 2020-04-12
2024-04-25 06:04:13,098 - root - INFO - Navigation: Hashtag Analysis
2024-04-25 06:04:13,467 - root - INFO - Date Range Selected: 2020-04-25 to 2020-04-12
2024-04-25 06:05:32,173 - root - INFO - Navigation: Hashtag Analysis
2024-04-25 06:05:32,486 - root - INFO - Date Range Selected: 2020-04-25 to 2020-04-12
2024-04-25 06:09:42,027 - root - INFO - Navigation: Hashtag Analysis
2024-04-25 06:09:42,310 - root - INFO - Date Range Selected: 2020-04-25 to 2020-04-12
2024-04-25 06:11:26,140 - root - INFO - Navigation: Hashtag Analysis
2024-04-25 06:11:26,441 - root - INFO - Date Range Selected: 2020-04-25 to 2020-04-12
2024-04-25 06:11:46,705 - root - INFO - Navigation: Hashtag Analysis
2024-04-25 06:11:47,009 - root - INFO - Date Range Selected: 2020-04-25 to 2020-04-12
2024-04-25 06:12:39,945 - root - INFO - Navigation: Hashtag Analysis
2024-04-25 06:12:40,249 - root - INFO - Date Range Selected: 2020-04-25 to 2020-04-12
2024-04-25 06:13:23,921 - root - INFO - Navigation: Hashtag Analysis
2024-04-25 06:13:24,170 - root - INFO - Date Range Selected: 2020-04-25 to 2020-04-12
2024-04-25 06:14:13,436 - root - INFO - Navigation: Hashtag Analysis
2024-04-25 06:14:13,735 - root - INFO - Date Range Selected: 2020-04-25 to 2020-04-12
2024-04-25 06:22:00,553 - root - INFO - Navigation: Hashtag Analysis
2024-04-25 06:22:00,928 - root - INFO - Date Range Selected: 2020-04-25 to 2020-04-12
2024-04-25 06:23:10,741 - root - INFO - Navigation: Hashtag Analysis
2024-04-25 06:23:11,024 - root - INFO - Date Range Selected: 2020-04-25 to 2020-04-12
2024-04-25 06:24:24,416 - root - INFO - Navigation: Hashtag Analysis
2024-04-25 06:24:24,720 - root - INFO - Date Range Selected: 2020-04-25 to 2020-04-12
2024-04-25 06:25:21,351 - root - INFO - Navigation: Hashtag Analysis
2024-04-25 06:25:21,595 - root - INFO - Date Range Selected: 2020-04-25 to 2020-04-12
2024-04-25 06:26:21,882 - root - INFO - Navigation: Hashtag Analysis
2024-04-25 06:26:23,147 - root - INFO - Date Range Selected: 2020-04-25 to 2020-04-12
2024-04-25 06:27:56,297 - root - INFO - Navigation: Hashtag Analysis
2024-04-25 06:27:56,570 - root - INFO - Date Range Selected: 2020-04-25 to 2020-04-12
2024-04-25 06:28:30,232 - root - INFO - Navigation: Hashtag Analysis
2024-04-25 06:28:30,506 - root - INFO - Date Range Selected: 2020-04-25 to 2020-04-12
2024-04-25 06:28:50,871 - root - INFO - Navigation: Hashtag Analysis
2024-04-25 06:28:51,117 - root - INFO - Date Range Selected: 2020-04-25 to 2020-04-12
2024-04-25 06:33:45,441 - root - INFO - Navigation: Hashtag Analysis
2024-04-25 06:33:45,732 - root - INFO - Date Range Selected: 2020-04-25 to 2020-04-12
2024-04-25 06:34:12,125 - root - INFO - Navigation: Hashtag Analysis
2024-04-25 06:34:12,388 - root - INFO - Date Range Selected: 2020-04-25 to 2020-04-12
2024-04-25 06:36:29,913 - root - INFO - Navigation: Hashtag Analysis
2024-04-25 06:36:30,236 - root - INFO - Date Range Selected: 2020-04-25 to 2020-04-12
2024-04-25 06:37:10,348 - root - INFO - Navigation: Hashtag Analysis
2024-04-25 06:37:10,598 - root - INFO - Date Range Selected: 2020-04-25 to 2020-04-12
2024-04-25 06:39:37,549 - root - INFO - Navigation: Hashtag Analysis
2024-04-25 06:39:37,845 - root - INFO - Date Range Selected: 2020-04-25 to 2020-04-12
2024-04-25 06:41:15,443 - root - INFO - Navigation: Hashtag Analysis
2024-04-25 06:41:15,758 - root - INFO - Date Range Selected: 2020-04-25 to 2020-04-12
2024-04-25 06:42:38,333 - root - INFO - Navigation: Hashtag Analysis
2024-04-25 06:42:38,654 - root - INFO - Date Range Selected: 2020-04-25 to 2020-04-12
2024-04-25 06:43:55,525 - root - INFO - Navigation: Hashtag Analysis
2024-04-25 06:43:55,815 - root - INFO - Date Range Selected: 2020-04-25 to 2020-04-12
2024-04-25 06:44:48,547 - root - INFO - Navigation: Hashtag Analysis
2024-04-25 06:44:48,969 - root - INFO - Date Range Selected: 2020-04-25 to 2020-04-12
2024-04-25 06:46:23,366 - root - INFO - Navigation: Hashtag Analysis
2024-04-25 06:46:23,648 - root - INFO - Date Range Selected: 2020-04-25 to 2020-04-12
2024-04-25 06:49:55,590 - root - INFO - Navigation: Hashtag Analysis
2024-04-25 06:49:55,943 - root - INFO - Date Range Selected: 2020-04-25 to 2020-04-12
2024-04-25 06:52:10,184 - root - INFO - Navigation: Hashtag Analysis
2024-04-25 06:52:10,506 - root - INFO - Date Range Selected: 2020-04-25 to 2020-04-12
2024-04-25 06:52:31,632 - root - INFO - Navigation: Hashtag Analysis
2024-04-25 06:52:31,886 - root - INFO - Date Range Selected: 2020-04-25 to 2020-04-12
2024-04-25 06:56:58,832 - root - INFO - Navigation: Hashtag Analysis
2024-04-25 06:56:59,135 - root - INFO - Date Range Selected: 2020-04-25 to 2020-04-12
2024-04-25 06:58:57,449 - root - INFO - Navigation: Hashtag Analysis
2024-04-25 06:58:57,755 - root - INFO - Date Range Selected: 2020-04-25 to 2020-04-12
2024-04-25 06:59:25,476 - root - INFO - Navigation: Location Analysis
2024-04-25 06:59:25,740 - root - INFO - Date Range Selected: 2020-04-25 to 2020-04-12
2024-04-25 06:59:31,398 - root - INFO - Navigation: Tweet ID Analysis
2024-04-25 06:59:31,622 - root - INFO - Date Range Selected: 2020-04-25 to 2020-04-12
2024-04-25 16:12:44,603 - root - INFO - User Name: srinivas
2024-04-25 16:12:44,603 - root - INFO - User srinivas logged in successfully
2024-04-25 16:12:49,047 - root - INFO - Navigation: User Analysis
2024-04-25 16:12:49,381 - root - INFO - Date Range Selected: 2016-04-01 to 2009-09-30
2024-04-25 16:13:48,868 - root - INFO - Navigation: Overview
2024-04-25 16:13:50,249 - root - INFO - Date Range Selected: 2020-04-25 to 2020-04-12
2024-04-25 16:32:13,899 - root - INFO - Navigation: Overview
2024-04-25 16:33:16,694 - root - INFO - Navigation: Overview
2024-04-25 16:33:18,520 - root - INFO - Date Range Selected: 2020-04-25 to 2020-04-12
2024-04-25 16:34:52,294 - root - INFO - Navigation: Overview
2024-04-25 16:34:54,072 - root - INFO - Date Range Selected: 2020-04-25 to 2020-04-12
2024-04-25 16:37:11,283 - root - INFO - Navigation: Overview
2024-04-25 16:37:12,975 - root - INFO - Date Range Selected: 2020-04-25 to 2020-04-12
2024-04-25 16:37:55,325 - root - INFO - Navigation: Overview
2024-04-25 16:37:57,093 - root - INFO - Date Range Selected: 2020-04-25 to 2020-04-12
2024-04-25 16:50:48,356 - root - INFO - Navigation: Overview
2024-04-25 16:50:50,493 - root - INFO - Date Range Selected: 2020-04-25 to 2020-04-12
2024-04-25 18:19:27,944 - root - INFO - User Name: srinivas
2024-04-25 18:19:27,944 - root - INFO - User srinivas logged in successfully
2024-04-25 18:19:32,440 - root - INFO - Navigation: Overview
2024-04-25 18:19:35,520 - root - INFO - Date Range Selected: 2020-04-25 to 2020-04-12
2024-04-25 18:20:46,345 - root - INFO - Navigation: User Analysis
2024-04-25 18:20:46,666 - root - INFO - Date Range Selected: 2016-04-01 to 2009-09-30
2024-04-25 18:22:29,395 - root - INFO - Navigation: Hashtag Analysis
2024-04-25 18:22:29,683 - root - INFO - Date Range Selected: 2020-04-25 to 2020-04-12
2024-04-25 18:22:34,944 - root - INFO - Navigation: User Analysis
2024-04-25 18:22:35,185 - root - INFO - Date Range Selected: 2016-04-01 to 2009-09-30
2024-04-25 18:22:47,350 - root - INFO - Navigation: User Analysis
2024-04-25 18:22:47,615 - root - INFO - Date Range Selected: 2016-04-01 to 2009-09-30
2024-04-25 18:22:58,703 - root - INFO - Navigation: User Analysis
2024-04-25 18:22:58,989 - root - INFO - Date Range Selected: 2016-04-01 to 2009-09-30
2024-04-25 18:23:19,156 - root - INFO - Navigation: User Analysis
2024-04-25 18:23:19,432 - root - INFO - Date Range Selected: 2016-04-01 to 2009-09-30
2024-04-25 18:23:52,007 - root - INFO - Navigation: Hashtag Analysis
2024-04-25 18:23:52,336 - root - INFO - Date Range Selected: 2020-04-25 to 2020-04-12
2024-04-25 18:24:08,775 - root - INFO - Navigation: Hashtag Analysis
2024-04-25 18:24:09,038 - root - INFO - Date Range Selected: 2020-04-25 to 2020-04-12
2024-04-25 18:24:14,057 - root - INFO - Navigation: Hashtag Analysis
2024-04-25 18:24:14,361 - root - INFO - Date Range Selected: 2020-04-25 to 2020-04-12
2024-04-25 19:38:03,108 - root - INFO - User Name: srinivas
2024-04-25 19:38:03,108 - root - INFO - User srinivas logged in successfully
2024-04-25 19:38:07,499 - root - INFO - Navigation: Overview
2024-04-25 19:38:09,687 - root - INFO - Date Range Selected: 2020-04-25 to 2020-04-12
2024-04-25 20:12:07,764 - root - INFO - Navigation: Hashtag Analysis
2024-04-25 20:12:08,195 - root - INFO - Date Range Selected: 2020-04-25 to 2020-04-12
2024-04-25 20:12:23,900 - root - INFO - Navigation: Hashtag Analysis
2024-04-25 20:12:28,326 - root - INFO - Navigation: Hashtag Analysis
2024-04-25 20:12:28,632 - root - INFO - Date Range Selected: 2020-04-25 to 2020-04-12
2024-04-25 20:50:20,388 - root - INFO - Navigation: User Analysis
2024-04-25 20:50:20,658 - root - INFO - Date Range Selected: 2016-04-01 to 2009-09-30
2024-04-25 21:07:48,570 - root - INFO - Navigation: Tweet ID Analysis
2024-04-25 21:07:49,006 - root - INFO - Date Range Selected: 2020-04-25 to 2020-04-12
2024-04-25 21:08:33,474 - root - INFO - Navigation: Overview
2024-04-25 21:08:35,607 - root - INFO - Date Range Selected: 2020-04-25 to 2020-04-12
2024-04-25 21:10:02,927 - root - INFO - Navigation: Tweet Analysis
2024-04-25 21:10:03,288 - root - INFO - Date Range Selected: 2020-04-25 to 2020-04-12
2024-04-25 21:10:13,744 - root - INFO - Navigation: Tweet Analysis
2024-04-25 21:10:14,035 - root - INFO - Date Range Selected: 2020-04-25 to 2020-04-12
2024-04-25 21:11:31,345 - root - INFO - Navigation: Tweet Analysis
2024-04-25 21:11:31,783 - root - INFO - Date Range Selected: 2020-04-25 to 2020-04-12
2024-04-25 21:13:03,608 - root - INFO - Navigation: Tweet Analysis
2024-04-25 21:13:04,179 - root - INFO - Date Range Selected: 2020-04-25 to 2020-04-12
2024-04-25 21:17:52,740 - root - INFO - Navigation: Tweet Analysis
2024-04-25 21:17:53,167 - root - INFO - Date Range Selected: 2020-04-25 to 2020-04-12
2024-04-25 21:20:28,556 - root - INFO - Navigation: Tweet Analysis
2024-04-25 21:20:28,928 - root - INFO - Date Range Selected: 2020-04-25 to 2020-04-12
2024-04-25 21:23:06,421 - root - INFO - Navigation: Tweet Analysis
2024-04-25 21:23:06,796 - root - INFO - Date Range Selected: 2020-04-25 to 2020-04-12
2024-04-25 21:23:45,074 - root - INFO - Navigation: Tweet Analysis
2024-04-25 21:23:45,406 - root - INFO - Date Range Selected: 2020-04-25 to 2020-04-12
2024-04-25 21:24:15,787 - root - INFO - Navigation: Tweet Analysis
2024-04-25 21:24:16,958 - root - INFO - Date Range Selected: 2020-04-25 to 2020-04-12
2024-04-25 21:25:04,871 - root - INFO - Navigation: Tweet Analysis
2024-04-25 21:25:05,321 - root - INFO - Date Range Selected: 2020-04-25 to 2020-04-12
2024-04-25 21:25:52,407 - root - INFO - Navigation: Tweet Analysis
2024-04-25 21:26:39,032 - root - INFO - Navigation: Tweet Analysis
2024-04-25 21:26:40,916 - root - INFO - Date Range Selected: 2020-04-25 to 2020-04-12
2024-04-25 21:37:16,524 - root - INFO - Navigation: User Analysis
2024-04-25 21:37:16,785 - root - INFO - Date Range Selected: 2016-04-01 to 2009-09-30
2024-04-25 21:38:16,740 - root - INFO - Navigation: User Analysis
2024-04-25 21:38:17,015 - root - INFO - Date Range Selected: 2016-04-01 to 2009-09-30
2024-04-25 21:38:22,004 - root - INFO - Navigation: Hashtag Analysis
2024-04-25 21:38:22,310 - root - INFO - Date Range Selected: 2020-04-25 to 2020-04-12
2024-04-25 22:31:33,989 - root - INFO - Navigation: Hashtag Analysis
2024-04-25 22:31:34,358 - root - INFO - Date Range Selected: 2020-04-25 to 2020-04-12
2024-04-25 22:36:03,812 - root - INFO - Navigation: Tweet Analysis
2024-04-25 22:36:15,269 - root - INFO - Navigation: Tweet Analysis
2024-04-25 22:38:31,020 - root - INFO - Navigation: Tweet Analysis
2024-04-25 22:38:49,791 - root - INFO - Navigation: Tweet Analysis
2024-04-25 22:40:31,350 - root - INFO - Navigation: Tweet Analysis
2024-04-25 22:40:55,250 - root - INFO - Navigation: Tweet Analysis
2024-04-25 22:41:22,865 - root - INFO - Navigation: Tweet Analysis
2024-04-25 22:41:47,049 - root - INFO - Navigation: Tweet Analysis
2024-04-25 22:41:49,057 - root - INFO - Date Range Selected: 2020-04-25 to 2020-04-12
2024-04-25 22:53:16,375 - root - INFO - Navigation: Overview
2024-04-25 22:53:18,776 - root - INFO - Date Range Selected: 2020-04-25 to 2020-04-12
2024-04-25 23:04:02,285 - root - INFO - Navigation: Overview
2024-04-25 23:04:04,439 - root - INFO - Date Range Selected: 2020-04-25 to 2020-04-12
2024-04-25 23:04:14,955 - root - INFO - Navigation: Tweet Analysis
2024-04-25 23:04:30,314 - root - INFO - Date Range Selected: 2020-04-25 to 2020-04-12
2024-04-25 23:04:34,708 - root - INFO - Navigation: Tweet Analysis
2024-04-25 23:04:42,195 - root - INFO - Date Range Selected: 2020-04-25 to 2020-04-12
2024-04-26 00:09:23,943 - root - INFO - User Name: srinivas
2024-04-26 00:09:23,943 - root - INFO - User srinivas logged in successfully
2024-04-26 00:09:28,404 - root - INFO - Navigation: Overview
2024-04-26 00:09:31,541 - root - INFO - Date Range Selected: 2020-04-25 to 2020-04-12
2024-04-26 13:31:57,727 - root - INFO - User Name: srinivas
2024-04-26 13:31:57,913 - root - INFO - Navigation: Overview
2024-04-26 13:32:01,055 - root - INFO - Date Range Selected: 2020-04-25 to 2020-04-12
2024-04-26 13:32:12,936 - root - INFO - Navigation: User Analysis
2024-04-26 13:32:13,221 - root - INFO - Date Range Selected: 2016-04-01 to 2009-09-30
2024-04-26 13:32:14,991 - root - INFO - User Selected: Kenkendall19
2024-04-26 13:32:19,333 - root - INFO - Navigation: Overview
2024-04-26 13:32:20,847 - root - INFO - Date Range Selected: 2020-04-25 to 2020-04-12
2024-04-26 13:34:11,565 - root - INFO - Navigation: Hashtag Analysis
2024-04-26 13:34:11,734 - root - INFO - Date Range Selected: 2020-04-25 to 2020-04-12
2024-04-26 13:34:20,298 - root - INFO - Navigation: Overview
2024-04-26 13:34:22,221 - root - INFO - Date Range Selected: 2020-04-25 to 2020-04-12
2024-04-26 13:41:52,026 - root - INFO - Navigation: Overview
2024-04-26 13:41:53,125 - root - INFO - Date Range Selected: 2020-04-25 to 2020-04-12
2024-04-26 13:42:01,891 - root - INFO - Navigation: User Analysis
2024-04-26 13:42:02,257 - root - INFO - Date Range Selected: 2016-04-01 to 2009-09-30
2024-04-26 13:42:04,412 - root - INFO - User Selected: Kenkendall19
2024-04-26 13:42:19,963 - root - INFO - Navigation: Hashtag Analysis
2024-04-26 13:42:20,016 - root - INFO - Date Range Selected: 2020-04-25 to 2020-04-12
2024-04-26 13:42:26,591 - root - INFO - Navigation: Tweet Analysis
2024-04-26 13:42:37,759 - root - INFO - Navigation: Tweet Analysis
2024-04-26 13:42:51,380 - root - INFO - Date Range Selected: 2020-04-25 to 2020-04-12
2024-04-26 13:43:13,916 - root - INFO - Navigation: Overview
2024-04-26 13:43:14,780 - root - INFO - Date Range Selected: 2020-04-25 to 2020-04-12
2024-04-26 13:56:00,708 - root - INFO - Navigation: User Analysis
2024-04-26 13:56:00,963 - root - INFO - Date Range Selected: 2016-04-01 to 2009-09-30
2024-04-26 13:56:03,186 - root - INFO - User Selected: Kenkendall19
2024-04-26 14:09:33,316 - root - INFO - User Name: srinivas
2024-04-26 14:09:33,517 - root - INFO - Navigation: Overview
2024-04-26 14:09:36,261 - root - INFO - Date Range Selected: 2020-04-25 to 2020-04-12
2024-04-26 14:09:52,188 - root - INFO - Navigation: Hashtag Analysis
2024-04-26 14:09:52,248 - root - INFO - Date Range Selected: 2020-04-25 to 2020-04-12
2024-04-26 14:09:57,170 - root - INFO - Navigation: Overview
2024-04-26 14:09:58,022 - root - INFO - Date Range Selected: 2020-04-25 to 2020-04-12
